<?xml version="1.0" encoding="UTF-8"?>
<testng-results skipped="0" failed="0" ignored="0" total="1" passed="1">
  <reporter-output>
  </reporter-output>
  <suite name="Default suite" duration-ms="84" started-at="2021-12-09T13:42:43 IST" finished-at="2021-12-09T13:42:43 IST">
    <groups>
    </groups>
    <test name="Default test" duration-ms="84" started-at="2021-12-09T13:42:43 IST" finished-at="2021-12-09T13:42:43 IST">
      <class name="practice.Demo">
        <test-method status="PASS" signature="demoTest()[pri:0, instance:practice.Demo@7494e528]" name="demoTest" duration-ms="14" started-at="2021-12-09T13:42:43 IST" finished-at="2021-12-09T13:42:43 IST">
          <reporter-output>
          </reporter-output>
        </test-method> <!-- demoTest -->
      </class> <!-- practice.Demo -->
    </test> <!-- Default test -->
  </suite> <!-- Default suite -->
</testng-results>
